{
  "stats": {
    "suites": 2,
    "tests": 6,
    "passes": 6,
    "pending": 0,
    "failures": 0,
    "start": "2023-07-20T23:48:49.217Z",
    "end": "2023-07-20T23:48:58.346Z",
    "duration": 9129,
    "testsRegistered": 6,
    "passPercent": 100,
    "pendingPercent": 0,
    "other": 0,
    "hasOther": false,
    "skipped": 0,
    "hasSkipped": false
  },
  "results": [
    {
      "uuid": "1adc5467-9d4c-4f7c-8444-c7e26312598d",
      "title": "",
      "fullFile": "",
      "file": "",
      "beforeHooks": [],
      "afterHooks": [],
      "tests": [],
      "suites": [
        {
          "uuid": "a3814e02-361c-44dd-8012-e3d627884820",
          "title": "API",
          "fullFile": "/Users/Chip/Downloads/SMG/API/tests/API_test.ts",
          "file": "/tests/API_test.ts",
          "beforeHooks": [
            {
              "title": "\"before all\" hook: codeceptjs.beforeSuite in \"API\"",
              "fullTitle": "API \"before all\" hook: codeceptjs.beforeSuite in \"API\"",
              "timedOut": false,
              "duration": 317,
              "state": null,
              "speed": null,
              "pass": false,
              "fail": false,
              "pending": false,
              "context": null,
              "code": "scenario.suiteSetup(suite)",
              "err": {},
              "uuid": "a9345e2d-85f5-431b-965e-456fd408d109",
              "parentUUID": "a3814e02-361c-44dd-8012-e3d627884820",
              "isHook": true,
              "skipped": false
            },
            {
              "title": "\"before each\" hook: codeceptjs.before in \"API\"",
              "fullTitle": "API \"before each\" hook: codeceptjs.before in \"API\"",
              "timedOut": false,
              "duration": 42,
              "state": null,
              "speed": null,
              "pass": false,
              "fail": false,
              "pending": false,
              "context": null,
              "code": "scenario.setup(suite)",
              "err": {},
              "uuid": "6cd4420d-d217-4439-a846-ac5b5a0c824f",
              "parentUUID": "a3814e02-361c-44dd-8012-e3d627884820",
              "isHook": true,
              "skipped": false
            }
          ],
          "afterHooks": [
            {
              "title": "\"after all\" hook: codeceptjs.afterSuite in \"API\"",
              "fullTitle": "API \"after all\" hook: codeceptjs.afterSuite in \"API\"",
              "timedOut": false,
              "duration": 0,
              "state": null,
              "speed": null,
              "pass": false,
              "fail": false,
              "pending": false,
              "context": null,
              "code": "scenario.suiteTeardown(suite)",
              "err": {},
              "uuid": "e200c59e-3538-4b62-bd12-efbf6d81982a",
              "parentUUID": "a3814e02-361c-44dd-8012-e3d627884820",
              "isHook": true,
              "skipped": false
            },
            {
              "title": "\"after each\" hook: finalize codeceptjs in \"API\"",
              "fullTitle": "API \"after each\" hook: finalize codeceptjs in \"API\"",
              "timedOut": false,
              "duration": 8,
              "state": null,
              "speed": null,
              "pass": false,
              "fail": false,
              "pending": false,
              "context": null,
              "code": "scenario.teardown(suite)",
              "err": {},
              "uuid": "83f8a5d4-424a-405a-adcc-e2d081014e04",
              "parentUUID": "a3814e02-361c-44dd-8012-e3d627884820",
              "isHook": true,
              "skipped": false
            }
          ],
          "tests": [
            {
              "title": "Verify that only GET or POST is allowed",
              "fullTitle": "API: Verify that only GET or POST is allowed",
              "timedOut": false,
              "duration": 2497,
              "state": "passed",
              "speed": "slow",
              "pass": true,
              "fail": false,
              "pending": false,
              "context": null,
              "code": "I }) => {\n    const url = I.buildURL(DATA.testData);\n    I.sendGetRequest(url);\n    I.seeResponseCodeIsSuccessful();\n    I.sendPostRequest(url);\n    I.seeResponseCodeIsSuccessful();\n    I.sendPutRequest(url);\n    I.seeResponseCodeIsClientError();\n    I.sendPatchRequest(url);\n    I.seeResponseCodeIsClientError();\n    I.sendDeleteRequest(url);\n    I.seeResponseCodeIsClientError();",
              "err": {},
              "uuid": "27605643-dab6-4164-952e-1a2f031ef83c",
              "parentUUID": "a3814e02-361c-44dd-8012-e3d627884820",
              "isHook": false,
              "skipped": false
            },
            {
              "title": "Verify that the API returns a valid JSON response | {\"keyword\":\"Software Testing\",\"offset\":10,\"amount\":20}",
              "fullTitle": "API: Verify that the API returns a valid JSON response | {\"keyword\":\"Software Testing\",\"offset\":10,\"amount\":20}",
              "timedOut": false,
              "duration": 567,
              "state": "passed",
              "speed": "slow",
              "pass": true,
              "fail": false,
              "pending": false,
              "context": null,
              "code": "I, current }) => {\n    I.sendGetRequest(I.buildURL(current));\n    I.seeResponseCodeIsSuccessful();\n    I.seeResponseMatchesJsonSchema(I.getSearchSchema(current));\n    I.seeResponseValidByCallback(({ data, status, expect }) => {\n        expect(data.query.search.length).to.be.equal(current.offset);\n        expect(data.continue.sroffset).to.be.equal(current.amount);\n        expect(data.query.search.every(item => current.keyword.split(' ').every(word => item.snippet.toLowerCase().includes(word.toLowerCase()))));\n    });",
              "err": {},
              "uuid": "28c1725e-bdbb-41be-b926-3d3f51bd00c9",
              "parentUUID": "a3814e02-361c-44dd-8012-e3d627884820",
              "isHook": false,
              "skipped": false
            },
            {
              "title": "Verify that bad query param `action` is not allowed",
              "fullTitle": "API: Verify that bad query param `action` is not allowed",
              "timedOut": false,
              "duration": 401,
              "state": "passed",
              "speed": "slow",
              "pass": true,
              "fail": false,
              "pending": false,
              "context": null,
              "code": "I }) => {\n    const temp = Object.assign({}, DATA.testData, { action: 123 });\n    const url = I.buildURL(temp);\n    I.sendGetRequest(url);\n    I.seeResponseCodeIsSuccessful();\n    I.seeResponseMatchesJsonSchema(I.getErrorSchema());\n    I.seeResponseValidByCallback(({ data, status, expect }) => {\n        expect(data.error.code).to.be.equal(\"badvalue\");\n        expect(data.error.info).to.be.equal(`Unrecognized value for parameter \\\"action\\\": ${temp.action}.`);\n        expect(data.error.docref).to.be.equal(\"See https://en.wikipedia.org/w/api.php for API usage. Subscribe to the mediawiki-api-announce mailing list at &lt;https://lists.wikimedia.org/postorius/lists/mediawiki-api-announce.lists.wikimedia.org/&gt; for notice of API deprecations and breaking changes.\");\n    });",
              "err": {},
              "uuid": "119d408c-a8a1-402b-8e51-4959caff2bca",
              "parentUUID": "a3814e02-361c-44dd-8012-e3d627884820",
              "isHook": false,
              "skipped": false
            },
            {
              "title": "Verify that missing query param `srsearch` is not allowed",
              "fullTitle": "API: Verify that missing query param `srsearch` is not allowed",
              "timedOut": false,
              "duration": 379,
              "state": "passed",
              "speed": "slow",
              "pass": true,
              "fail": false,
              "pending": false,
              "context": null,
              "code": "I }) => {\n    const url = I.buildURL({ keyword: null });\n    I.sendGetRequest(url);\n    I.seeResponseCodeIsSuccessful();\n    I.seeResponseMatchesJsonSchema(I.getErrorSchema());\n    I.seeResponseValidByCallback(({ data, status, expect }) => {\n        expect(data.error.code).to.be.equal(\"missingparam\");\n        expect(data.error.info).to.be.equal(\"The \\\"srsearch\\\" parameter must be set.\");\n        expect(data.error.docref).to.be.equal(\"See https://en.wikipedia.org/w/api.php for API usage. Subscribe to the mediawiki-api-announce mailing list at &lt;https://lists.wikimedia.org/postorius/lists/mediawiki-api-announce.lists.wikimedia.org/&gt; for notice of API deprecations and breaking changes.\");\n    });",
              "err": {},
              "uuid": "58c869ee-4d01-4a46-bcd5-c64c58703282",
              "parentUUID": "a3814e02-361c-44dd-8012-e3d627884820",
              "isHook": false,
              "skipped": false
            }
          ],
          "suites": [],
          "passes": [
            "27605643-dab6-4164-952e-1a2f031ef83c",
            "28c1725e-bdbb-41be-b926-3d3f51bd00c9",
            "119d408c-a8a1-402b-8e51-4959caff2bca",
            "58c869ee-4d01-4a46-bcd5-c64c58703282"
          ],
          "failures": [],
          "pending": [],
          "skipped": [],
          "duration": 3844,
          "root": false,
          "rootEmpty": false,
          "_timeout": 0
        },
        {
          "uuid": "3349677d-8617-4cd7-b7af-107b07fc231a",
          "title": "search",
          "fullFile": "/Users/Chip/Downloads/SMG/API/tests/search_test.ts",
          "file": "/tests/search_test.ts",
          "beforeHooks": [
            {
              "title": "\"before all\" hook: codeceptjs.beforeSuite in \"search\"",
              "fullTitle": "search \"before all\" hook: codeceptjs.beforeSuite in \"search\"",
              "timedOut": false,
              "duration": 0,
              "state": null,
              "speed": null,
              "pass": false,
              "fail": false,
              "pending": false,
              "context": null,
              "code": "scenario.suiteSetup(suite)",
              "err": {},
              "uuid": "4a413c6c-23b0-4236-9565-9f979650a19e",
              "parentUUID": "3349677d-8617-4cd7-b7af-107b07fc231a",
              "isHook": true,
              "skipped": false
            },
            {
              "title": "\"before each\" hook: codeceptjs.before in \"search\"",
              "fullTitle": "search \"before each\" hook: codeceptjs.before in \"search\"",
              "timedOut": false,
              "duration": 47,
              "state": null,
              "speed": null,
              "pass": false,
              "fail": false,
              "pending": false,
              "context": null,
              "code": "scenario.setup(suite)",
              "err": {},
              "uuid": "fc93a87b-bdb8-48b7-a945-847f24a0b99f",
              "parentUUID": "3349677d-8617-4cd7-b7af-107b07fc231a",
              "isHook": true,
              "skipped": false
            }
          ],
          "afterHooks": [
            {
              "title": "\"after all\" hook: codeceptjs.afterSuite in \"search\"",
              "fullTitle": "search \"after all\" hook: codeceptjs.afterSuite in \"search\"",
              "timedOut": false,
              "duration": 1,
              "state": null,
              "speed": null,
              "pass": false,
              "fail": false,
              "pending": false,
              "context": null,
              "code": "scenario.suiteTeardown(suite)",
              "err": {},
              "uuid": "8ba8bfba-21cb-4b2d-8606-8ecaa19e419e",
              "parentUUID": "3349677d-8617-4cd7-b7af-107b07fc231a",
              "isHook": true,
              "skipped": false
            },
            {
              "title": "\"after each\" hook: finalize codeceptjs in \"search\"",
              "fullTitle": "search \"after each\" hook: finalize codeceptjs in \"search\"",
              "timedOut": false,
              "duration": 5,
              "state": null,
              "speed": null,
              "pass": false,
              "fail": false,
              "pending": false,
              "context": null,
              "code": "scenario.teardown(suite)",
              "err": {},
              "uuid": "6ff415ee-0f3b-44cf-a5a3-85c2cb67ed80",
              "parentUUID": "3349677d-8617-4cd7-b7af-107b07fc231a",
              "isHook": true,
              "skipped": false
            }
          ],
          "tests": [
            {
              "title": "[SMG-1] Verify that the Wikipedia search bar accepts input for given keyword | {\"keyword\":\"Software Testing\",\"offset\":10,\"amount\":20}",
              "fullTitle": "search: [SMG-1] Verify that the Wikipedia search bar accepts input for given keyword | {\"keyword\":\"Software Testing\",\"offset\":10,\"amount\":20}",
              "timedOut": false,
              "duration": 983,
              "state": "passed",
              "speed": "slow",
              "pass": true,
              "fail": false,
              "pending": false,
              "context": null,
              "code": "I, current, mainPage }) => {\n    I.amOnPage('/');\n    I.fillField(mainPage.fields.search, current.keyword);\n    I.seeInField(mainPage.fields.search, current.keyword);",
              "err": {},
              "uuid": "06fd52f7-b7a8-4d4c-af4d-f434cbed500c",
              "parentUUID": "3349677d-8617-4cd7-b7af-107b07fc231a",
              "isHook": false,
              "skipped": false
            },
            {
              "title": "[SMG-2] Verify that relevant Wikipedia pages containing given text is displayed in the search results",
              "fullTitle": "search: [SMG-2] Verify that relevant Wikipedia pages containing given text is displayed in the search results",
              "timedOut": false,
              "duration": 3462,
              "state": "passed",
              "speed": "slow",
              "pass": true,
              "fail": false,
              "pending": false,
              "context": null,
              "code": "I, mainPage, searchResultsPage }) => {\n    I.amOnPage('/');\n    mainPage.searchContain(DATA.testData.keyword);\n    I.seeInField(searchResultsPage.fields.search, DATA.testData.keyword);\n    I.seeNumberOfElements(searchResultsPage.resultList, DATA.testData.amount);\n    await searchResultsPage.eachResultShouldContain(DATA.testData.keyword);",
              "err": {},
              "uuid": "3a44af06-065b-4c66-b186-77ecc670bc4c",
              "parentUUID": "3349677d-8617-4cd7-b7af-107b07fc231a",
              "isHook": false,
              "skipped": false
            }
          ],
          "suites": [],
          "passes": [
            "06fd52f7-b7a8-4d4c-af4d-f434cbed500c",
            "3a44af06-065b-4c66-b186-77ecc670bc4c"
          ],
          "failures": [],
          "pending": [],
          "skipped": [],
          "duration": 4445,
          "root": false,
          "rootEmpty": false,
          "_timeout": 0
        }
      ],
      "passes": [],
      "failures": [],
      "pending": [],
      "skipped": [],
      "duration": 0,
      "root": true,
      "rootEmpty": true,
      "_timeout": 0
    }
  ],
  "meta": {
    "mocha": {
      "version": "10.2.0"
    },
    "mochawesome": {
      "options": {
        "quiet": false,
        "reportFilename": "mochawesome",
        "saveHtml": true,
        "saveJson": true,
        "consoleReporter": "spec",
        "useInlineDiffs": false,
        "code": true
      },
      "version": "7.1.3"
    },
    "marge": {
      "options": {
        "reportDir": "output"
      },
      "version": "6.2.0"
    }
  }
}